\BOOKMARK [1][-]{section.1}{Expos\351}{}% 1
\BOOKMARK [2][-]{subsection.1.1}{Nutzungsproblem}{section.1}% 2
\BOOKMARK [2][-]{subsection.1.2}{Zielsetzung}{section.1}% 3
\BOOKMARK [2][-]{subsection.1.3}{Verteilung der Anwendungslogik}{section.1}% 4
\BOOKMARK [2][-]{subsection.1.4}{Gesellschaftlicher Aspekt}{section.1}% 5
\BOOKMARK [1][-]{section.2}{Dom\344nenrecherche}{}% 6
\BOOKMARK [2][-]{subsection.2.1}{Krankenhaus}{section.2}% 7
\BOOKMARK [2][-]{subsection.2.2}{gesetzliche Rahmenbedingungen}{section.2}% 8
\BOOKMARK [1][-]{section.3}{Stakeholderanalyse}{}% 9
\BOOKMARK [1][-]{section.4}{Anforderungen und Erfordernisse}{}% 10
\BOOKMARK [2][-]{subsection.4.1}{Erfordernisse}{section.4}% 11
\BOOKMARK [2][-]{subsection.4.2}{Anforderungen}{section.4}% 12
\BOOKMARK [1][-]{section.5}{Zielhierarchie}{}% 13
\BOOKMARK [2][-]{subsection.5.1}{Strategische Ziele}{section.5}% 14
\BOOKMARK [2][-]{subsection.5.2}{Taktische Ziele}{section.5}% 15
\BOOKMARK [2][-]{subsection.5.3}{Operative Ziele}{section.5}% 16
\BOOKMARK [1][-]{section.6}{Marktrecherche}{}% 17
\BOOKMARK [2][-]{subsection.6.1}{Allgemein}{section.6}% 18
\BOOKMARK [2][-]{subsection.6.2}{Wettbewerb}{section.6}% 19
\BOOKMARK [2][-]{subsection.6.3}{Potential f\374r neue Software}{section.6}% 20
\BOOKMARK [2][-]{subsection.6.4}{Fazit}{section.6}% 21
\BOOKMARK [1][-]{section.7}{Alleinstellungsmerkmale}{}% 22
\BOOKMARK [2][-]{subsection.7.1}{Automatisierte Dienstplanerstellung mit Spezialisierung auf die Branche Gesundheitswesen \(im Detail Krankenh\344user\) }{section.7}% 23
\BOOKMARK [2][-]{subsection.7.2}{Handling von unerwarteten Mitarbeiterausf\344llen}{section.7}% 24
\BOOKMARK [2][-]{subsection.7.3}{Individualisierbarkeit ausgehend vom Arbeitnehmer}{section.7}% 25
\BOOKMARK [1][-]{section.8}{Vorgehensmodell}{}% 26
\BOOKMARK [1][-]{section.9}{Kommunikationsmodelle}{}% 27
\BOOKMARK [2][-]{subsection.9.1}{Deskriptives Modell}{section.9}% 28
\BOOKMARK [2][-]{subsection.9.2}{Pr\344skriptives Modell}{section.9}% 29
\BOOKMARK [1][-]{section.10}{Aufgabenmodellierung}{}% 30
\BOOKMARK [2][-]{subsection.10.1}{Deskriptive Aufgabenmodellierung}{section.10}% 31
\BOOKMARK [2][-]{subsection.10.2}{SWOT Analyse}{section.10}% 32
\BOOKMARK [3][-]{subsubsection.10.2.1}{Strengths}{subsection.10.2}% 33
\BOOKMARK [3][-]{subsubsection.10.2.2}{Weaknesses}{subsection.10.2}% 34
\BOOKMARK [3][-]{subsubsection.10.2.3}{Opportunities}{subsection.10.2}% 35
\BOOKMARK [3][-]{subsubsection.10.2.4}{Threats}{subsection.10.2}% 36
\BOOKMARK [2][-]{subsection.10.3}{Pr\344skriptive Aufgabenmodellierung}{section.10}% 37
\BOOKMARK [1][-]{section.11}{Systemarchitektur}{}% 38
\BOOKMARK [2][-]{subsection.11.1}{Systembegr\374ndung}{section.11}% 39
\BOOKMARK [3][-]{subsubsection.11.1.1}{Client-Server}{subsection.11.1}% 40
\BOOKMARK [3][-]{subsubsection.11.1.2}{Peer to Peer}{subsection.11.1}% 41
\BOOKMARK [3][-]{subsubsection.11.1.3}{Fazit}{subsection.11.1}% 42
\BOOKMARK [2][-]{subsection.11.2}{Architekturstil REST}{section.11}% 43
\BOOKMARK [3][-]{subsubsection.11.2.1}{Lose Kopplung}{subsection.11.2}% 44
\BOOKMARK [3][-]{subsubsection.11.2.2}{Interoperabilit\344t}{subsection.11.2}% 45
\BOOKMARK [3][-]{subsubsection.11.2.3}{Wiederverwendbarkeit}{subsection.11.2}% 46
\BOOKMARK [3][-]{subsubsection.11.2.4}{Performance und Skalierbarkeit}{subsection.11.2}% 47
\BOOKMARK [2][-]{subsection.11.3}{Systemkomponenten}{section.11}% 48
\BOOKMARK [3][-]{subsubsection.11.3.1}{Server}{subsection.11.3}% 49
\BOOKMARK [3][-]{subsubsection.11.3.2}{Client}{subsection.11.3}% 50
\BOOKMARK [3][-]{subsubsection.11.3.3}{Message Broker}{subsection.11.3}% 51
\BOOKMARK [3][-]{subsubsection.11.3.4}{Datenhaltung}{subsection.11.3}% 52
\BOOKMARK [3][-]{subsubsection.11.3.5}{Kommunikation}{subsection.11.3}% 53
\BOOKMARK [1][-]{section.12}{Risikoanalyse}{}% 54
\BOOKMARK [2][-]{subsection.12.1}{Allgemeine Risiken}{section.12}% 55
\BOOKMARK [3][-]{subsubsection.12.1.1}{Bereitschaft der Gesundheits- und Krankenpfleger}{subsection.12.1}% 56
\BOOKMARK [3][-]{subsubsection.12.1.2}{Unzufriedenheit}{subsection.12.1}% 57
\BOOKMARK [2][-]{subsection.12.2}{Projektspezifische Risiken}{section.12}% 58
\BOOKMARK [3][-]{subsubsection.12.2.1}{R\374ckmeldung auf Abwesenheitsmeldung}{subsection.12.2}% 59
\BOOKMARK [3][-]{subsubsection.12.2.2}{Simultane R\374ckmeldung auf Ersatzanfrage}{subsection.12.2}% 60
\BOOKMARK [3][-]{subsubsection.12.2.3}{Schichtentausch}{subsection.12.2}% 61
\BOOKMARK [3][-]{subsubsection.12.2.4}{Benachrichtigen bei Abwesenheitsmeldung}{subsection.12.2}% 62
\BOOKMARK [3][-]{subsubsection.12.2.5}{W\374nsche zur Einsatzplanung}{subsection.12.2}% 63
\BOOKMARK [1][-]{section.13}{Proof of Concept}{}% 64
\BOOKMARK [2][-]{subsection.13.1}{R\374ckmeldung auf Abwesenheitsmeldung}{section.13}% 65
\BOOKMARK [3][-]{subsubsection.13.1.1}{Exit:}{subsection.13.1}% 66
\BOOKMARK [3][-]{subsubsection.13.1.2}{Fail:}{subsection.13.1}% 67
\BOOKMARK [3][-]{subsubsection.13.1.3}{Fallback:}{subsection.13.1}% 68
\BOOKMARK [2][-]{subsection.13.2}{Simultane R\374ckmeldung auf Ersatzanfrage}{section.13}% 69
\BOOKMARK [3][-]{subsubsection.13.2.1}{Exit:}{subsection.13.2}% 70
\BOOKMARK [3][-]{subsubsection.13.2.2}{Fail:}{subsection.13.2}% 71
\BOOKMARK [3][-]{subsubsection.13.2.3}{Fallback:}{subsection.13.2}% 72
\BOOKMARK [2][-]{subsection.13.3}{Schichtentausch}{section.13}% 73
\BOOKMARK [3][-]{subsubsection.13.3.1}{Exit:}{subsection.13.3}% 74
\BOOKMARK [3][-]{subsubsection.13.3.2}{Fail:}{subsection.13.3}% 75
\BOOKMARK [3][-]{subsubsection.13.3.3}{Fallback:}{subsection.13.3}% 76
\BOOKMARK [2][-]{subsection.13.4}{Benachrichtigen bei Abwesenheitsmeldung}{section.13}% 77
\BOOKMARK [3][-]{subsubsection.13.4.1}{Exit:}{subsection.13.4}% 78
\BOOKMARK [3][-]{subsubsection.13.4.2}{Fail:}{subsection.13.4}% 79
\BOOKMARK [3][-]{subsubsection.13.4.3}{Fallback:}{subsection.13.4}% 80
\BOOKMARK [2][-]{subsection.13.5}{W\374nsche zur Einsatzplanung}{section.13}% 81
\BOOKMARK [3][-]{subsubsection.13.5.1}{Exit:}{subsection.13.5}% 82
\BOOKMARK [3][-]{subsubsection.13.5.2}{Fail:}{subsection.13.5}% 83
\BOOKMARK [3][-]{subsubsection.13.5.3}{Fallback:}{subsection.13.5}% 84
\BOOKMARK [1][-]{section.14}{Rapid Prototype}{}% 85
\BOOKMARK [1][-]{section.15}{Quellen}{}% 86
