This is pdfTeX, Version 3.14159265-2.6-1.40.19 (MiKTeX 2.9.6840 64-bit) (preloaded format=pdflatex 2018.10.20)  9 NOV 2018 13:08
entering extended mode
**./Projekt.tex
(Projekt.tex
LaTeX2e <2018-04-01> patch level 5

("E:\Users\DavidJovanoski\AppData\Local\Programs\MiKTeX 2.9\tex\latex\base\arti
cle.cls"
Document Class: article 2014/09/29 v1.4h Standard LaTeX document class

("E:\Users\DavidJovanoski\AppData\Local\Programs\MiKTeX 2.9\tex\latex\base\size
10.clo"
File: size10.clo 2014/09/29 v1.4h Standard LaTeX file (size option)
)
\c@part=\count80
\c@section=\count81
\c@subsection=\count82
\c@subsubsection=\count83
\c@paragraph=\count84
\c@subparagraph=\count85
\c@figure=\count86
\c@table=\count87
\abovecaptionskip=\skip41
\belowcaptionskip=\skip42
\bibindent=\dimen102
)
("E:\Users\DavidJovanoski\AppData\Local\Programs\MiKTeX 2.9\tex\latex\base\inpu
tenc.sty"
Package: inputenc 2018/04/06 v1.3b Input encoding file
\inpenc@prehook=\toks14
\inpenc@posthook=\toks15
)
("E:\Users\DavidJovanoski\AppData\Local\Programs\MiKTeX 2.9\tex\generic\babel\b
abel.sty"
Package: babel 2018/09/26 3.24 The Babel package

("E:\Users\DavidJovanoski\AppData\Local\Programs\MiKTeX 2.9\tex\generic\babel\s
witch.def"
File: switch.def 2018/09/26 3.24 Babel switching mechanism
)
*************************************
* Local config file bblopts.cfg used
*

("E:\Users\DavidJovanoski\AppData\Local\Programs\MiKTeX 2.9\tex\latex\arabi\bbl
opts.cfg"
File: bblopts.cfg 2005/09/08 v0.1 add Arabic and Farsi to "declared" options of
 babel
)
("E:\Users\DavidJovanoski\AppData\Local\Programs\MiKTeX 2.9\tex\latex\babel-ger
man\german.ldf"
Language: german 2018/03/29 v2.10 German support for babel (pre-1996 orthograph
y)

("E:\Users\DavidJovanoski\AppData\Local\Programs\MiKTeX 2.9\tex\latex\babel-ger
man\germanb.ldf"
Language: germanb 2018/03/29 v2.10 German support for babel (pre-1996 orthograp
hy)

("E:\Users\DavidJovanoski\AppData\Local\Programs\MiKTeX 2.9\tex\generic\babel\b
abel.def"
File: babel.def 2018/09/26 3.24 Babel common definitions
\babel@savecnt=\count88
\U@D=\dimen103

("E:\Users\DavidJovanoski\AppData\Local\Programs\MiKTeX 2.9\tex\generic\babel\t
xtbabel.def")
\bbl@dirlevel=\count89
)
Package babel Info: Making " an active character on input line 135.
)))
("E:\Users\DavidJovanoski\AppData\Local\Programs\MiKTeX 2.9\tex\latex\base\font
enc.sty"
Package: fontenc 2017/04/05 v2.0i Standard LaTeX package

("E:\Users\DavidJovanoski\AppData\Local\Programs\MiKTeX 2.9\tex\latex\base\t1en
c.def"
File: t1enc.def 2017/04/05 v2.0i Standard LaTeX file
LaTeX Font Info:    Redeclaring font encoding T1 on input line 48.
))
("E:\Users\DavidJovanoski\AppData\Local\Programs\MiKTeX 2.9\tex\latex\amsmath\a
msmath.sty"
Package: amsmath 2017/09/02 v2.17a AMS math features
\@mathmargin=\skip43

For additional information on amsmath, use the `?' option.

("E:\Users\DavidJovanoski\AppData\Local\Programs\MiKTeX 2.9\tex\latex\amsmath\a
mstext.sty"
Package: amstext 2000/06/29 v2.01 AMS text

("E:\Users\DavidJovanoski\AppData\Local\Programs\MiKTeX 2.9\tex\latex\amsmath\a
msgen.sty"
File: amsgen.sty 1999/11/30 v2.0 generic functions
\@emptytoks=\toks16
\ex@=\dimen104
))
("E:\Users\DavidJovanoski\AppData\Local\Programs\MiKTeX 2.9\tex\latex\amsmath\a
msbsy.sty"
Package: amsbsy 1999/11/29 v1.2d Bold Symbols
\pmbraise@=\dimen105
)
("E:\Users\DavidJovanoski\AppData\Local\Programs\MiKTeX 2.9\tex\latex\amsmath\a
msopn.sty"
Package: amsopn 2016/03/08 v2.02 operator names
)
\inf@bad=\count90
LaTeX Info: Redefining \frac on input line 213.
\uproot@=\count91
\leftroot@=\count92
LaTeX Info: Redefining \overline on input line 375.
\classnum@=\count93
\DOTSCASE@=\count94
LaTeX Info: Redefining \ldots on input line 472.
LaTeX Info: Redefining \dots on input line 475.
LaTeX Info: Redefining \cdots on input line 596.
\Mathstrutbox@=\box26
\strutbox@=\box27
\big@size=\dimen106
LaTeX Font Info:    Redeclaring font encoding OML on input line 712.
LaTeX Font Info:    Redeclaring font encoding OMS on input line 713.
\macc@depth=\count95
\c@MaxMatrixCols=\count96
\dotsspace@=\muskip10
\c@parentequation=\count97
\dspbrk@lvl=\count98
\tag@help=\toks17
\row@=\count99
\column@=\count100
\maxfields@=\count101
\andhelp@=\toks18
\eqnshift@=\dimen107
\alignsep@=\dimen108
\tagshift@=\dimen109
\tagwidth@=\dimen110
\totwidth@=\dimen111
\lineht@=\dimen112
\@envbody=\toks19
\multlinegap=\skip44
\multlinetaggap=\skip45
\mathdisplay@stack=\toks20
LaTeX Info: Redefining \[ on input line 2817.
LaTeX Info: Redefining \] on input line 2818.
)
("E:\Users\DavidJovanoski\AppData\Local\Programs\MiKTeX 2.9\tex\latex\amsfonts\
amsfonts.sty"
Package: amsfonts 2013/01/14 v3.01 Basic AMSFonts support
\symAMSa=\mathgroup4
\symAMSb=\mathgroup5
LaTeX Font Info:    Overwriting math alphabet `\mathfrak' in version `bold'
(Font)                  U/euf/m/n --> U/euf/b/n on input line 106.
)
("E:\Users\DavidJovanoski\AppData\Local\Programs\MiKTeX 2.9\tex\latex\amsfonts\
amssymb.sty"
Package: amssymb 2013/01/14 v3.01 AMS font symbols
)
("E:\Users\DavidJovanoski\AppData\Local\Programs\MiKTeX 2.9\tex\latex\graphics\
graphicx.sty"
Package: graphicx 2017/06/01 v1.1a Enhanced LaTeX Graphics (DPC,SPQR)

("E:\Users\DavidJovanoski\AppData\Local\Programs\MiKTeX 2.9\tex\latex\graphics\
keyval.sty"
Package: keyval 2014/10/28 v1.15 key=value parser (DPC)
\KV@toks@=\toks21
)
("E:\Users\DavidJovanoski\AppData\Local\Programs\MiKTeX 2.9\tex\latex\graphics\
graphics.sty"
Package: graphics 2017/06/25 v1.2c Standard LaTeX Graphics (DPC,SPQR)

("E:\Users\DavidJovanoski\AppData\Local\Programs\MiKTeX 2.9\tex\latex\graphics\
trig.sty"
Package: trig 2016/01/03 v1.10 sin cos tan (DPC)
)
("E:\Users\DavidJovanoski\AppData\Local\Programs\MiKTeX 2.9\tex\latex\graphics-
cfg\graphics.cfg"
File: graphics.cfg 2016/06/04 v1.11 sample graphics configuration
)
Package graphics Info: Driver file: pdftex.def on input line 99.

("E:\Users\DavidJovanoski\AppData\Local\Programs\MiKTeX 2.9\tex\latex\graphics-
def\pdftex.def"
File: pdftex.def 2018/01/08 v1.0l Graphics/color driver for pdftex
))
\Gin@req@height=\dimen113
\Gin@req@width=\dimen114
)
("E:\Users\DavidJovanoski\AppData\Local\Programs\MiKTeX 2.9\tex\latex\float\flo
at.sty"
Package: float 2001/11/08 v1.3d Float enhancements (AL)
\c@float@type=\count102
\float@exts=\toks22
\float@box=\box28
\@float@everytoks=\toks23
\@floatcapt=\box29
)
("E:\Users\DavidJovanoski\AppData\Local\Programs\MiKTeX 2.9\tex\latex\hyperref\
hyperref.sty"
Package: hyperref 2018/09/30 v6.88a Hypertext links for LaTeX

("E:\Users\DavidJovanoski\AppData\Local\Programs\MiKTeX 2.9\tex\generic\oberdie
k\hobsub-hyperref.sty"
Package: hobsub-hyperref 2016/05/16 v1.14 Bundle oberdiek, subset hyperref (HO)


("E:\Users\DavidJovanoski\AppData\Local\Programs\MiKTeX 2.9\tex\generic\oberdie
k\hobsub-generic.sty"
Package: hobsub-generic 2016/05/16 v1.14 Bundle oberdiek, subset generic (HO)
Package: hobsub 2016/05/16 v1.14 Construct package bundles (HO)
Package: infwarerr 2016/05/16 v1.4 Providing info/warning/error messages (HO)
Package: ltxcmds 2016/05/16 v1.23 LaTeX kernel commands for general use (HO)
Package: ifluatex 2016/05/16 v1.4 Provides the ifluatex switch (HO)
Package ifluatex Info: LuaTeX not detected.
Package: ifvtex 2016/05/16 v1.6 Detect VTeX and its facilities (HO)
Package ifvtex Info: VTeX not detected.
Package: intcalc 2016/05/16 v1.2 Expandable calculations with integers (HO)
Package: ifpdf 2018/09/07 v3.3 Provides the ifpdf switch
Package: etexcmds 2016/05/16 v1.6 Avoid name clashes with e-TeX commands (HO)
Package etexcmds Info: Could not find \expanded.
(etexcmds)             That can mean that you are not using pdfTeX 1.50 or
(etexcmds)             that some package has redefined \expanded.
(etexcmds)             In the latter case, load this package earlier.
Package: kvsetkeys 2016/05/16 v1.17 Key value parser (HO)
Package: kvdefinekeys 2016/05/16 v1.4 Define keys (HO)
Package: pdftexcmds 2018/09/10 v0.29 Utility functions of pdfTeX for LuaTeX (HO
)
Package pdftexcmds Info: LuaTeX not detected.
Package pdftexcmds Info: \pdf@primitive is available.
Package pdftexcmds Info: \pdf@ifprimitive is available.
Package pdftexcmds Info: \pdfdraftmode found.
Package: pdfescape 2016/05/16 v1.14 Implements pdfTeX's escape features (HO)
Package: bigintcalc 2016/05/16 v1.4 Expandable calculations on big integers (HO
)
Package: bitset 2016/05/16 v1.2 Handle bit-vector datatype (HO)
Package: uniquecounter 2016/05/16 v1.3 Provide unlimited unique counter (HO)
)
Package hobsub Info: Skipping package `hobsub' (already loaded).
Package: letltxmacro 2016/05/16 v1.5 Let assignment for LaTeX macros (HO)
Package: hopatch 2016/05/16 v1.3 Wrapper for package hooks (HO)
Package: xcolor-patch 2016/05/16 xcolor patch
Package: atveryend 2016/05/16 v1.9 Hooks at the very end of document (HO)
Package atveryend Info: \enddocument detected (standard20110627).
Package: atbegshi 2016/06/09 v1.18 At begin shipout hook (HO)
Package: refcount 2016/05/16 v3.5 Data extraction from label references (HO)
Package: hycolor 2016/05/16 v1.8 Color options for hyperref/bookmark (HO)
)
("E:\Users\DavidJovanoski\AppData\Local\Programs\MiKTeX 2.9\tex\generic\ifxetex
\ifxetex.sty"
Package: ifxetex 2010/09/12 v0.6 Provides ifxetex conditional
)
("E:\Users\DavidJovanoski\AppData\Local\Programs\MiKTeX 2.9\tex\latex\oberdiek\
auxhook.sty"
Package: auxhook 2016/05/16 v1.4 Hooks for auxiliary files (HO)
)
("E:\Users\DavidJovanoski\AppData\Local\Programs\MiKTeX 2.9\tex\latex\oberdiek\
kvoptions.sty"
Package: kvoptions 2016/05/16 v3.12 Key value format for package options (HO)
)
\@linkdim=\dimen115
\Hy@linkcounter=\count103
\Hy@pagecounter=\count104

("E:\Users\DavidJovanoski\AppData\Local\Programs\MiKTeX 2.9\tex\latex\hyperref\
pd1enc.def"
File: pd1enc.def 2018/09/30 v6.88a Hyperref: PDFDocEncoding definition (HO)
Now handling font encoding PD1 ...
... no UTF-8 mapping file for font encoding PD1
)
\Hy@SavedSpaceFactor=\count105

("E:\Users\DavidJovanoski\AppData\Local\Programs\MiKTeX 2.9\tex\latex\00miktex\
hyperref.cfg"
File: hyperref.cfg 2002/06/06 v1.2 hyperref configuration of TeXLive
)
Package hyperref Info: Hyper figures OFF on input line 4535.
Package hyperref Info: Link nesting OFF on input line 4540.
Package hyperref Info: Hyper index ON on input line 4543.
Package hyperref Info: Plain pages OFF on input line 4550.
Package hyperref Info: Backreferencing OFF on input line 4555.
Package hyperref Info: Implicit mode ON; LaTeX internals redefined.
Package hyperref Info: Bookmarks ON on input line 4788.
\c@Hy@tempcnt=\count106

("E:\Users\DavidJovanoski\AppData\Local\Programs\MiKTeX 2.9\tex\latex\url\url.s
ty"
\Urlmuskip=\muskip11
Package: url 2013/09/16  ver 3.4  Verb mode for urls, etc.
)
LaTeX Info: Redefining \url on input line 5141.
\XeTeXLinkMargin=\dimen116
\Fld@menulength=\count107
\Field@Width=\dimen117
\Fld@charsize=\dimen118
Package hyperref Info: Hyper figures OFF on input line 6396.
Package hyperref Info: Link nesting OFF on input line 6401.
Package hyperref Info: Hyper index ON on input line 6404.
Package hyperref Info: backreferencing OFF on input line 6411.
Package hyperref Info: Link coloring OFF on input line 6416.
Package hyperref Info: Link coloring with OCG OFF on input line 6421.
Package hyperref Info: PDF/A mode OFF on input line 6426.
LaTeX Info: Redefining \ref on input line 6466.
LaTeX Info: Redefining \pageref on input line 6470.
\Hy@abspage=\count108
\c@Item=\count109
\c@Hfootnote=\count110
)
Package hyperref Info: Driver (autodetected): hpdftex.

("E:\Users\DavidJovanoski\AppData\Local\Programs\MiKTeX 2.9\tex\latex\hyperref\
hpdftex.def"
File: hpdftex.def 2018/09/30 v6.88a Hyperref driver for pdfTeX
\Fld@listcount=\count111
\c@bookmark@seq@number=\count112

("E:\Users\DavidJovanoski\AppData\Local\Programs\MiKTeX 2.9\tex\latex\oberdiek\
rerunfilecheck.sty"
Package: rerunfilecheck 2016/05/16 v1.8 Rerun checks for auxiliary files (HO)
Package uniquecounter Info: New unique counter `rerunfilecheck' on input line 2
82.
)
\Hy@SectionHShift=\skip46
) (Projekt.aux)
\openout1 = `Projekt.aux'.

LaTeX Font Info:    Checking defaults for OML/cmm/m/it on input line 15.
LaTeX Font Info:    ... okay on input line 15.
LaTeX Font Info:    Checking defaults for T1/cmr/m/n on input line 15.
LaTeX Font Info:    ... okay on input line 15.
LaTeX Font Info:    Checking defaults for OT1/cmr/m/n on input line 15.
LaTeX Font Info:    ... okay on input line 15.
LaTeX Font Info:    Checking defaults for OMS/cmsy/m/n on input line 15.
LaTeX Font Info:    ... okay on input line 15.
LaTeX Font Info:    Checking defaults for OMX/cmex/m/n on input line 15.
LaTeX Font Info:    ... okay on input line 15.
LaTeX Font Info:    Checking defaults for U/cmr/m/n on input line 15.
LaTeX Font Info:    ... okay on input line 15.
LaTeX Font Info:    Checking defaults for PD1/pdf/m/n on input line 15.
LaTeX Font Info:    ... okay on input line 15.

("E:\Users\DavidJovanoski\AppData\Local\Programs\MiKTeX 2.9\tex\context\base\su
pp-pdf.mkii"
[Loading MPS to PDF converter (version 2006.09.02).]
\scratchcounter=\count113
\scratchdimen=\dimen119
\scratchbox=\box30
\nofMPsegments=\count114
\nofMParguments=\count115
\everyMPshowfont=\toks24
\MPscratchCnt=\count116
\MPscratchDim=\dimen120
\MPnumerator=\count117
\makeMPintoPDFobject=\count118
\everyMPtoPDFconversion=\toks25
)
("E:\Users\DavidJovanoski\AppData\Local\Programs\MiKTeX 2.9\tex\latex\oberdiek\
epstopdf-base.sty"
Package: epstopdf-base 2016/05/15 v2.6 Base part for package epstopdf

("E:\Users\DavidJovanoski\AppData\Local\Programs\MiKTeX 2.9\tex\latex\oberdiek\
grfext.sty"
Package: grfext 2016/05/16 v1.2 Manage graphics extensions (HO)
)
Package epstopdf-base Info: Redefining graphics rule for `.eps' on input line 4
38.
Package grfext Info: Graphics extension search list:
(grfext)             [.pdf,.png,.jpg,.mps,.jpeg,.jbig2,.jb2,.PDF,.PNG,.JPG,.JPE
G,.JBIG2,.JB2,.eps]
(grfext)             \AppendGraphicsExtensions on input line 456.
)
\AtBeginShipoutBox=\box31
Package hyperref Info: Link coloring OFF on input line 15.

("E:\Users\DavidJovanoski\AppData\Local\Programs\MiKTeX 2.9\tex\latex\hyperref\
nameref.sty"
Package: nameref 2016/05/21 v2.44 Cross-referencing by name of section

("E:\Users\DavidJovanoski\AppData\Local\Programs\MiKTeX 2.9\tex\generic\oberdie
k\gettitlestring.sty"
Package: gettitlestring 2016/05/16 v1.5 Cleanup title references (HO)
)
\c@section@level=\count119
)
LaTeX Info: Redefining \ref on input line 15.
LaTeX Info: Redefining \pageref on input line 15.
LaTeX Info: Redefining \nameref on input line 15.
 (Projekt.out) (Projekt.out)
\@outlinefile=\write3
\openout3 = `Projekt.out'.

<Bilder/Logo_TH-Koeln_RGB_17pt.jpg, id=339, 88.8921pt x 47.6982pt>
File: Bilder/Logo_TH-Koeln_RGB_17pt.jpg Graphic file (type jpg)
<use Bilder/Logo_TH-Koeln_RGB_17pt.jpg>
Package pdftex.def Info: Bilder/Logo_TH-Koeln_RGB_17pt.jpg  used on input line 
17.
(pdftex.def)             Requested size: 88.89188pt x 47.69806pt.
LaTeX Font Info:    Try loading font information for U+msa on input line 20.

("E:\Users\DavidJovanoski\AppData\Local\Programs\MiKTeX 2.9\tex\latex\amsfonts\
umsa.fd"
File: umsa.fd 2013/01/14 v3.01 AMS symbols A
)
LaTeX Font Info:    Try loading font information for U+msb on input line 20.

("E:\Users\DavidJovanoski\AppData\Local\Programs\MiKTeX 2.9\tex\latex\amsfonts\
umsb.fd"
File: umsb.fd 2013/01/14 v3.01 AMS symbols B
)
! Extra alignment tab has been changed to \cr.
<recently read> \endtemplate 
                             
l.20 \tableofcontents
                     
You have given more \span or & marks than there were
in the preamble to the \halign or \valign now in progress.
So I'll assume that you meant to type \cr instead.

(Projekt.toc [1

{C:/Users/DavidJovanoski/AppData/Local/MiKTeX/2.9/pdftex/config/pdftex.map} <./
Bilder/Logo_TH-Koeln_RGB_17pt.jpg>] [2])
\tf@toc=\write4
\openout4 = `Projekt.toc'.

 (Projekt.lof)
\tf@lof=\write5
\openout5 = `Projekt.lof'.

 [3]
<Bilder/Domaenenmodell.jpg, id=473, 553.06625pt x 512.91624pt>
File: Bilder/Domaenenmodell.jpg Graphic file (type jpg)
<use Bilder/Domaenenmodell.jpg>
Package pdftex.def Info: Bilder/Domaenenmodell.jpg  used on input line 33.
(pdftex.def)             Requested size: 331.8423pt x 307.75212pt.

[4]
Overfull \hbox (1.47095pt too wide) in paragraph at lines 37--43
\T1/cmr/m/n/10 den t‰g-li-chen Rou-ti-ne-be-trieb zu be-w‰l-ti-gen und die Funk
-ti-ons-f‰-hig-keit des Kran-
 []

[5 <./Bilder/Domaenenmodell.jpg>] [6] [7] [8]
! Misplaced alignment tab character &.
l.81 ...enstplan erstellen: Gesetzliche Regelung &
                                                   Rechte des Arbeitnehmers)
I can't figure out why you would want to use a tab mark
here. If you just want an ampersand, the remedy is
simple: Just type `I\&' now. But if some right brace
up above has ended a previous alignment prematurely,
you're probably due for more error messages, and you
might try typing `S' now just to see what is salvageable.

! Misplaced alignment tab character &.
l.87 ...e der Softwaref√ºhrer: NEXUS/ Dienstplan &
                                                   NEXUS/ PERSONALMANAGEMENT)
I can't figure out why you would want to use a tab mark
here. If you just want an ampersand, the remedy is
simple: Just type `I\&' now. But if some right brace
up above has ended a previous alignment prematurely,
you're probably due for more error messages, and you
might try typing `S' now just to see what is salvageable.

[9] [10]
<Bilder/USP.jpg, id=503, 763.85374pt x 703.62875pt>
File: Bilder/USP.jpg Graphic file (type jpg)
<use Bilder/USP.jpg>
Package pdftex.def Info: Bilder/USP.jpg  used on input line 102.
(pdftex.def)             Requested size: 343.731pt x 316.63pt.
 [11]
<Bilder/Vorgehensmodell.png, id=508, 622.57594pt x 384.6872pt>
File: Bilder/Vorgehensmodell.png Graphic file (type png)
<use Bilder/Vorgehensmodell.png>
Package pdftex.def Info: Bilder/Vorgehensmodell.png  used on input line 109.
(pdftex.def)             Requested size: 342.41782pt x 211.5786pt.
 [12 <./Bilder/USP.jpg>]
<Bilder/1200px-Waterfall_model.jpg, id=513, 903.375pt x 677.53125pt>
File: Bilder/1200px-Waterfall_model.jpg Graphic file (type jpg)
<use Bilder/1200px-Waterfall_model.jpg>
Package pdftex.def Info: Bilder/1200px-Waterfall_model.jpg  used on input line 
119.
(pdftex.def)             Requested size: 352.31483pt x 264.23611pt.

Overfull \hbox (7.31483pt too wide) in paragraph at lines 119--120
[][] 
 []

[13 <./Bilder/Vorgehensmodell.png>]
<Bilder/KommunikationsmodellierungDeskriptiv.jpg, id=519, 1192.455pt x 757.8312
5pt>
File: Bilder/KommunikationsmodellierungDeskriptiv.jpg Graphic file (type jpg)
<use Bilder/KommunikationsmodellierungDeskriptiv.jpg>
Package pdftex.def Info: Bilder/KommunikationsmodellierungDeskriptiv.jpg  used 
on input line 125.
(pdftex.def)             Requested size: 357.73926pt x 227.35112pt.

Overfull \hbox (12.73926pt too wide) in paragraph at lines 125--126
[][] 
 []

[14 <./Bilder/1200px-Waterfall_model.jpg>]
<Bilder/PraeskriptivesKommunikationsmodell.jpg, id=524, 1211.52625pt x 515.9275
pt>
File: Bilder/PraeskriptivesKommunikationsmodell.jpg Graphic file (type jpg)
<use Bilder/PraeskriptivesKommunikationsmodell.jpg>
Package pdftex.def Info: Bilder/PraeskriptivesKommunikationsmodell.jpg  used on
 input line 132.
(pdftex.def)             Requested size: 363.46068pt x 154.77943pt.

Overfull \hbox (18.46068pt too wide) in paragraph at lines 132--133
[][] 
 []

[15 <./Bilder/KommunikationsmodellierungDeskriptiv.jpg>]
<Bilder/Dienstplanerstellung.jpg, id=529, 816.04875pt x 575.14874pt>
File: Bilder/Dienstplanerstellung.jpg Graphic file (type jpg)
<use Bilder/Dienstplanerstellung.jpg>
Package pdftex.def Info: Bilder/Dienstplanerstellung.jpg  used on input line 14
0.
(pdftex.def)             Requested size: 326.41371pt x 230.05542pt.
<Bilder/Ersatzplanung.jpg, id=530, 816.04875pt x 575.14874pt>
File: Bilder/Ersatzplanung.jpg Graphic file (type jpg)
<use Bilder/Ersatzplanung.jpg>
Package pdftex.def Info: Bilder/Ersatzplanung.jpg  used on input line 143.
(pdftex.def)             Requested size: 326.41371pt x 230.05542pt.
<Bilder/Individualisierung.jpg, id=531, 746.79pt x 557.08125pt>
File: Bilder/Individualisierung.jpg Graphic file (type jpg)
<use Bilder/Individualisierung.jpg>
Package pdftex.def Info: Bilder/Individualisierung.jpg  used on input line 148.

(pdftex.def)             Requested size: 298.7107pt x 222.82855pt.
 [16 <./Bilder/PraeskriptivesKommunikationsmodell.jpg>] [17 <./Bilder/Dienstpla
nerstellung.jpg> <./Bilder/Ersatzplanung.jpg>] [18 <./Bilder/Individualisierung
.jpg>]
<Bilder/DPerstellung.jpg, id=544, 769.87625pt x 262.9825pt>
File: Bilder/DPerstellung.jpg Graphic file (type jpg)
<use Bilder/DPerstellung.jpg>
Package pdftex.def Info: Bilder/DPerstellung.jpg  used on input line 170.
(pdftex.def)             Requested size: 346.44112pt x 118.34102pt.

Overfull \hbox (1.44112pt too wide) in paragraph at lines 170--171
[][] 
 []

<Bilder/ersatzplanungP.jpg, id=545, 452.69125pt x 598.235pt>
File: Bilder/ersatzplanungP.jpg Graphic file (type jpg)
<use Bilder/ersatzplanungP.jpg>
Package pdftex.def Info: Bilder/ersatzplanungP.jpg  used on input line 173.
(pdftex.def)             Requested size: 248.98096pt x 329.03026pt.
<Bilder/IndiPraes.jpg, id=546, 616.3025pt x 244.915pt>
File: Bilder/IndiPraes.jpg Graphic file (type jpg)
<use Bilder/IndiPraes.jpg>
Package pdftex.def Info: Bilder/IndiPraes.jpg  used on input line 178.
(pdftex.def)             Requested size: 308.1505pt x 122.45718pt.
[19]
Overfull \vbox (70.08658pt too high) has occurred while \output is active []


[20 <./Bilder/DPerstellung.jpg> <./Bilder/ersatzplanungP.jpg>] [21 <./Bilder/In
diPraes.jpg>]
<Bilder/Architekturdiagramm.jpg, id=560, 816.04875pt x 773.89125pt>
File: Bilder/Architekturdiagramm.jpg Graphic file (type jpg)
<use Bilder/Architekturdiagramm.jpg>
Package pdftex.def Info: Bilder/Architekturdiagramm.jpg  used on input line 202
.
(pdftex.def)             Requested size: 367.21855pt x 348.24785pt.

Overfull \hbox (22.21855pt too wide) in paragraph at lines 202--203
[][] 
 []

[22] [23 <./Bilder/Architekturdiagramm.jpg>] [24] [25] [26]
Package atveryend Info: Empty hook `BeforeClearDocument' on input line 277.
 [27]
Package atveryend Info: Empty hook `AfterLastShipout' on input line 277.
 (Projekt.aux)
Package atveryend Info: Executing hook `AtVeryEndDocument' on input line 277.
Package atveryend Info: Executing hook `AtEndAfterFileList' on input line 277.
Package rerunfilecheck Info: File `Projekt.out' has not changed.
(rerunfilecheck)             Checksum: 1D020C1F8EC48AB5049D472F7562A4F1;6185.
Package atveryend Info: Empty hook `AtVeryVeryEnd' on input line 277.
 ) 
Here is how much of TeX's memory you used:
 7029 strings out of 492970
 103752 string characters out of 3122597
 199724 words of memory out of 3000000
 10667 multiletter control sequences out of 15000+200000
 16151 words of font info for 48 fonts, out of 3000000 for 9000
 1141 hyphenation exceptions out of 8191
 28i,7n,30p,1887b,492s stack positions out of 5000i,500n,10000p,200000b,50000s
 <C:\Users\DavidJovanoski\AppData\Local\MiKTeX\2.9\fonts\pk\ljfour\jknappen\e
c\dpi600\ecbx1200.pk> <C:\Users\DavidJovanoski\AppData\Local\MiKTeX\2.9\fonts\p
k\ljfour\jknappen\ec\dpi600\ecrm1000.pk> <C:\Users\DavidJovanoski\AppData\Local
\MiKTeX\2.9\fonts\pk\ljfour\jknappen\ec\dpi600\ecbx1000.pk> <C:\Users\DavidJova
noski\AppData\Local\MiKTeX\2.9\fonts\pk\ljfour\jknappen\ec\dpi600\ecbx1440.pk> 
<C:\Users\DavidJovanoski\AppData\Local\MiKTeX\2.9\fonts\pk\ljfour\jknappen\ec\d
pi600\ecrm1200.pk> <C:\Users\DavidJovanoski\AppData\Local\MiKTeX\2.9\fonts\pk\l
jfour\jknappen\ec\dpi600\ecrm1728.pk> <C:\Users\DavidJovanoski\AppData\Local\Mi
KTeX\2.9\fonts\pk\ljfour\jknappen\ec\dpi600\ecbx1728.pk>
Output written on Projekt.pdf (27 pages, 1435777 bytes).
PDF statistics:
 936 PDF objects out of 1000 (max. 8388607)
 127 named destinations out of 1000 (max. 500000)
 743 words of extra memory for PDF output out of 10000 (max. 10000000)

